This is pdfTeX, Version 3.1415926-2.3-1.40.12 (TeX Live 2011) (format=latex 2011.7.3)  14 AUG 2012 17:16
entering extended mode
 restricted \write18 enabled.
 %&-line parsing enabled.
**sup.tex
(./sup.tex
LaTeX2e <2009/09/24>
Babel <v3.8l> and hyphenation patterns for english, dumylang, nohyphenation, ge
rman-x-2009-06-19, ngerman-x-2009-06-19, afrikaans, ancientgreek, ibycus, arabi
c, armenian, basque, bulgarian, catalan, pinyin, coptic, croatian, czech, danis
h, dutch, ukenglish, usenglishmax, esperanto, estonian, ethiopic, farsi, finnis
h, french, galician, german, ngerman, swissgerman, monogreek, greek, hungarian,
 icelandic, assamese, bengali, gujarati, hindi, kannada, malayalam, marathi, or
iya, panjabi, tamil, telugu, indonesian, interlingua, irish, italian, kurmanji,
 lao, latin, latvian, lithuanian, mongolian, mongolianlmc, bokmal, nynorsk, pol
ish, portuguese, romanian, russian, sanskrit, serbian, serbianc, slovak, sloven
ian, spanish, swedish, turkish, turkmen, ukrainian, uppersorbian, welsh, loaded
.
(/usr/local/texlive/2011/texmf-dist/tex/latex/base/article.cls
Document Class: article 2007/10/19 v1.4h Standard LaTeX document class
(/usr/local/texlive/2011/texmf-dist/tex/latex/base/size12.clo
File: size12.clo 2007/10/19 v1.4h Standard LaTeX file (size option)
)
\c@part=\count79
\c@section=\count80
\c@subsection=\count81
\c@subsubsection=\count82
\c@paragraph=\count83
\c@subparagraph=\count84
\c@figure=\count85
\c@table=\count86
\abovecaptionskip=\skip41
\belowcaptionskip=\skip42
\bibindent=\dimen102
)
(/usr/local/texlive/2011/texmf-dist/tex/latex/algorithm2e/algorithm2e.sty
Package: algorithm2e 2008/00/00 v3.10 algorithms environments
\c@AlgoLine=\count87

(/usr/local/texlive/2011/texmf-dist/tex/latex/base/ifthen.sty
Package: ifthen 2001/05/26 v1.1c Standard LaTeX ifthen package (DPC)
)
(/usr/local/texlive/2011/texmf-dist/tex/latex/tools/xspace.sty
Package: xspace 2006/05/08 v1.12 Space after command names (DPC,MH)
)
(/usr/local/texlive/2011/texmf-dist/tex/latex/relsize/relsize.sty
Package: relsize 2003/07/04 ver 3.1
)
********************************************************
Package `algorithm2e' Release 4.01 -- december 14 2009 --
- algorithm2e-announce@lirmm.fr mailing list for announcement about releases
- algorithm2e-discussion@lirmm.fr mailing list for discussion about package
subscribe by emailing sympa@lirmm.fr with 'subscribe <list> <firstname name>'
- Author: Christophe Fiorio (fiorio@lirmm.fr)
********************************************************
\skiptotal=\skip43
\skiplinenumber=\skip44
\skiprule=\skip45
\skiphlne=\skip46
\skiptext=\skip47
\skiplength=\skip48
\algomargin=\skip49
\skipalgocfslide=\skip50
\algowidth=\dimen103
\inoutsize=\dimen104
\inoutline=\dimen105
\interspacetitleruled=\dimen106
\interspacealgoruled=\dimen107
\interspacetitleboxruled=\dimen108
\algocf@inoutbox=\box26
\algocf@inputbox=\box27
\AlCapSkip=\skip51
\AlCapHSkip=\skip52
\algocf@nlbox=\box28
\algocf@hangingbox=\box29
\algocf@capbox=\box30
\algoheightruledefault=\skip53
\algoheightrule=\skip54
\algotitleheightruledefault=\skip55
\algotitleheightrule=\skip56
\c@algocfline=\count88
\c@algocfproc=\count89
\c@algocf=\count90
\algocf@algoframe=\box31
\algocf@algobox=\box32
) (/usr/local/texlive/2011/texmf-dist/tex/latex/amsmath/amsmath.sty
Package: amsmath 2000/07/18 v2.13 AMS math features
\@mathmargin=\skip57

For additional information on amsmath, use the `?' option.
(/usr/local/texlive/2011/texmf-dist/tex/latex/amsmath/amstext.sty
Package: amstext 2000/06/29 v2.01

(/usr/local/texlive/2011/texmf-dist/tex/latex/amsmath/amsgen.sty
File: amsgen.sty 1999/11/30 v2.0
\@emptytoks=\toks14
\ex@=\dimen109
))
(/usr/local/texlive/2011/texmf-dist/tex/latex/amsmath/amsbsy.sty
Package: amsbsy 1999/11/29 v1.2d
\pmbraise@=\dimen110
)
(/usr/local/texlive/2011/texmf-dist/tex/latex/amsmath/amsopn.sty
Package: amsopn 1999/12/14 v2.01 operator names
)
\inf@bad=\count91
LaTeX Info: Redefining \frac on input line 211.
\uproot@=\count92
\leftroot@=\count93
LaTeX Info: Redefining \overline on input line 307.
\classnum@=\count94
\DOTSCASE@=\count95
LaTeX Info: Redefining \ldots on input line 379.
LaTeX Info: Redefining \dots on input line 382.
LaTeX Info: Redefining \cdots on input line 467.
\Mathstrutbox@=\box33
\strutbox@=\box34
\big@size=\dimen111
LaTeX Font Info:    Redeclaring font encoding OML on input line 567.
LaTeX Font Info:    Redeclaring font encoding OMS on input line 568.
\macc@depth=\count96
\c@MaxMatrixCols=\count97
\dotsspace@=\muskip10
\c@parentequation=\count98
\dspbrk@lvl=\count99
\tag@help=\toks15
\row@=\count100
\column@=\count101
\maxfields@=\count102
\andhelp@=\toks16
\eqnshift@=\dimen112
\alignsep@=\dimen113
\tagshift@=\dimen114
\tagwidth@=\dimen115
\totwidth@=\dimen116
\lineht@=\dimen117
\@envbody=\toks17
\multlinegap=\skip58
\multlinetaggap=\skip59
\mathdisplay@stack=\toks18
LaTeX Info: Redefining \[ on input line 2666.
LaTeX Info: Redefining \] on input line 2667.
)
(/usr/local/texlive/2011/texmf-dist/tex/latex/tools/longtable.sty
Package: longtable 2004/02/01 v4.11 Multi-page Table package (DPC)
\LTleft=\skip60
\LTright=\skip61
\LTpre=\skip62
\LTpost=\skip63
\LTchunksize=\count103
\LTcapwidth=\dimen118
\LT@head=\box35
\LT@firsthead=\box36
\LT@foot=\box37
\LT@lastfoot=\box38
\LT@cols=\count104
\LT@rows=\count105
\c@LT@tables=\count106
\c@LT@chunks=\count107
\LT@p@ftn=\toks19
) (./sup.aux)
\openout1 = `sup.aux'.

LaTeX Font Info:    Checking defaults for OML/cmm/m/it on input line 6.
LaTeX Font Info:    ... okay on input line 6.
LaTeX Font Info:    Checking defaults for T1/cmr/m/n on input line 6.
LaTeX Font Info:    ... okay on input line 6.
LaTeX Font Info:    Checking defaults for OT1/cmr/m/n on input line 6.
LaTeX Font Info:    ... okay on input line 6.
LaTeX Font Info:    Checking defaults for OMS/cmsy/m/n on input line 6.
LaTeX Font Info:    ... okay on input line 6.
LaTeX Font Info:    Checking defaults for OMX/cmex/m/n on input line 6.
LaTeX Font Info:    ... okay on input line 6.
LaTeX Font Info:    Checking defaults for U/cmr/m/n on input line 6.
LaTeX Font Info:    ... okay on input line 6.


LaTeX Warning: No \author given.

(./sup_algs.tex

LaTeX Warning: `!h' float specifier changed to `!ht'.


Overfull \hbox (1.59123pt too wide) in paragraph at lines 59--71
\OT1/cmr/m/n/12 First find the per-interval count-ing ar-ray $\OML/cmm/m/it/12 
C \OT1/cmr/m/n/12 = [](\OML/cmm/m/it/12 A; B\OT1/cmr/m/n/12 )$
 []

[1

]

LaTeX Warning: `!h' float specifier changed to `!ht'.

) (./sup_code.tex
Missing character: There is no â in font cmr12!
Missing character: There is no € in font cmr12!
Missing character: There is no ™ in font cmr12!
) (./sup_mc_code.tex
Overfull \hbox (0.95938pt too wide) in paragraph at lines 2--1
\OT1/cmr/m/n/12 To com-pare BITS with BED-TOOLS \OT1/cmtt/m/n/12 intersect \OT1
/cmr/m/n/12 and UCSC Genome Browsers
 []

[2] [3]) (./sup_env.tex) (./sup_compare_files.tex
LaTeX Font Info:    Try loading font information for OMS+cmr on input line 6.

(/usr/local/texlive/2011/texmf-dist/tex/latex/base/omscmr.fd
File: omscmr.fd 1999/05/25 v2.5h Standard LaTeX font definitions
)
LaTeX Font Info:    Font shape `OMS/cmr/m/n' in size <12> not available
(Font)              Font shape `OMS/cmsy/m/n' tried instead on input line 6.
)
(./sup_mc_file_names.tex
Overfull \hbox (22.49664pt too wide) in alignment at lines 8--30
 [] [] 
 []


Overfull \hbox (22.49664pt too wide) in alignment at lines 30--50
 [] [] 
 []

[4]
Overfull \hbox (22.49664pt too wide) in alignment at lines 50--70
 [] [] 
 []


Overfull \hbox (22.49664pt too wide) in alignment at lines 70--90
 [] [] 
 []

[5]
Overfull \hbox (22.49664pt too wide) in alignment at lines 90--110
 [] [] 
 []


Overfull \hbox (22.49664pt too wide) in alignment at lines 110--130
 [] [] 
 []

[6]
Overfull \hbox (22.49664pt too wide) in alignment at lines 130--150
 [] [] 
 []


Overfull \hbox (22.49664pt too wide) in alignment at lines 150--170
 [] [] 
 []

[7]
Overfull \hbox (22.49664pt too wide) in alignment at lines 170--172
 [] [] 
 []

) [8] (./sup.aux) ) 
Here is how much of TeX's memory you used:
 2139 strings out of 493634
 26510 string characters out of 3143401
 103041 words of memory out of 3000000
 5452 multiletter control sequences out of 15000+200000
 14361 words of font info for 51 fonts, out of 3000000 for 9000
 831 hyphenation exceptions out of 8191
 29i,18n,26p,221b,434s stack positions out of 5000i,500n,10000p,200000b,50000s

Output written on sup.dvi (8 pages, 24632 bytes).
